/*C4*/SET SCHEMA PUBLIC
DISCONNECT
/*C5*/SET SCHEMA PUBLIC
DISCONNECT
/*C6*/SET SCHEMA PUBLIC
DISCONNECT
/*C3*/SET SCHEMA PUBLIC
set schema PUBLIC
/*C7*/SET SCHEMA PUBLIC
DISCONNECT
/*C3*/CREATE TABLE USUARIO (\u000d\u000a     id VARCHAR(36) PRIMARY KEY,\u000d\u000a     name VARCHAR(250) NOT NULL,\u000d\u000a     email VARCHAR(250) NOT NULL,\u000d\u000a     password VARCHAR(15) DEFAULT NULL,\u000d\u000a     created TIMESTAMP NULL,\u000d\u000a     modified TIMESTAMP NULL,\u000d\u000a     last_login TIMESTAMP NULL,\u000d\u000a     token VARCHAR(36) NULL,\u000d\u000a     isactive INT NULL\u000d\u000a)
/*C8*/SET SCHEMA PUBLIC
DISCONNECT
/*C3*/DROP TABLE IF EXISTS USUARIO
CREATE TABLE USUARIO (\u000d\u000a     id VARCHAR(36) PRIMARY KEY,\u000d\u000a     name VARCHAR(250) NOT NULL,\u000d\u000a     email VARCHAR(250) NOT NULL,\u000d\u000a     password VARCHAR(15) DEFAULT NULL,\u000d\u000a     created TIMESTAMP NULL,\u000d\u000a     modified TIMESTAMP NULL,\u000d\u000a     last_login TIMESTAMP NULL,\u000d\u000a     token VARCHAR(36) NULL,\u000d\u000a     isactive INT NULL\u000d\u000a)
DROP TABLE IF EXISTS PHONE
CREATE TABLE PHONE (\u000d\u000a                         id VARCHAR(36) PRIMARY KEY,\u000d\u000a                         number VARCHAR(12) NOT NULL,\u000d\u000a                         citycode VARCHAR(3) NOT NULL,\u000d\u000a                         contrycode VARCHAR(3) NOT NULL,\u000d\u000a                         idusuario VARCHAR(36) FOREIGN KEY REFERENCES USUARIO\u000d\u000a)
/*C9*/SET SCHEMA PUBLIC
DISCONNECT
/*C10*/SET SCHEMA PUBLIC
DISCONNECT
/*C11*/SET SCHEMA PUBLIC
DISCONNECT
/*C3*/SET SCHEMA INFORMATION_SCHEMA
set schema INFORMATION_SCHEMA
/*C12*/SET SCHEMA PUBLIC
DISCONNECT
/*C3*/SET SCHEMA PUBLIC
set schema PUBLIC
DROP TABLE IF EXISTS PHONE
CREATE TABLE PHONE (\u000d\u000a                         id VARCHAR(36) PRIMARY KEY,\u000d\u000a                         number VARCHAR(12) NOT NULL,\u000d\u000a                         citycode VARCHAR(3) NOT NULL,\u000d\u000a                         contrycode VARCHAR(3) NOT NULL,\u000d\u000a                         idusuario VARCHAR(36) FOREIGN KEY REFERENCES USUARIO\u000d\u000a)
/*C13*/SET SCHEMA PUBLIC
DISCONNECT
